TN:
SF:/Users/Junior/Documents/workspace_node/claro-brasil-challenge-backend-nodejs/config/config.js
FNF:0
FNH:0
DA:1,2
DA:3,2
LF:2
LH:2
BRF:0
BRH:0
end_of_record
TN:
SF:/Users/Junior/Documents/workspace_node/claro-brasil-challenge-backend-nodejs/errors/device_limit_exceeded_error.js
FN:4,(anonymous_0)
FNF:1
FNH:1
FNDA:1,(anonymous_0)
DA:1,2
DA:5,1
DA:6,1
DA:7,1
DA:11,2
LF:5
LH:5
BRF:0
BRH:0
end_of_record
TN:
SF:/Users/Junior/Documents/workspace_node/claro-brasil-challenge-backend-nodejs/models/device.js
FN:7,(anonymous_0)
FN:9,(anonymous_1)
FN:23,(anonymous_2)
FNF:3
FNH:3
FNDA:2,(anonymous_0)
FNDA:2,(anonymous_1)
FNDA:6,(anonymous_2)
DA:3,2
DA:4,2
DA:5,2
DA:7,2
DA:10,2
DA:24,6
DA:26,6
DA:27,1
DA:32,2
LF:9
LH:9
BRDA:26,0,0,1
BRDA:26,0,1,5
BRF:2
BRH:2
end_of_record
TN:
SF:/Users/Junior/Documents/workspace_node/claro-brasil-challenge-backend-nodejs/models/index.js
FN:20,(anonymous_0)
FN:23,(anonymous_1)
FNF:2
FNH:2
FNDA:4,(anonymous_0)
FNDA:2,(anonymous_1)
DA:3,2
DA:4,2
DA:5,2
DA:6,2
DA:7,2
DA:8,2
DA:9,2
DA:12,2
DA:13,0
DA:15,2
DA:18,2
DA:21,4
DA:24,2
DA:25,2
DA:34,2
DA:35,2
DA:37,2
LF:17
LH:16
BRDA:7,0,0,2
BRDA:7,0,1,0
BRDA:12,1,0,0
BRDA:12,1,1,2
BRDA:21,2,0,4
BRDA:21,2,1,4
BRDA:21,2,2,2
BRF:7
BRH:5
end_of_record
